<?xml version="1.0" encoding="UTF-8"?>
<!-- Generated by org.testng.reporters.JUnitReportReporter -->
<testsuite hostname="01HW1880051" failures="0" tests="2" name="testcases.LoginTest" time="10.847" errors="0" timestamp="23 Sep 2021 09:20:38 GMT" skipped="0">
  <testcase classname="testcases.LoginTest" name="doLogin" time="10.408"/>
  <testcase classname="testcases.LoginTest" name="notebookcreationTest" time="0.439"/>
</testsuite> <!-- testcases.LoginTest -->
